<?xml version="1.0" encoding="UTF-8"?>
<!-- Generated by org.testng.reporters.JUnitReportReporter -->
<testsuite hostname="DESKTOP-6BBM3AJ" failures="0" tests="10" name="com.swagLabs.swagLabs" time="18.076" errors="0" timestamp="2023-06-27T13:58:00 IST" skipped="0">
  <testcase classname="com.swagLabs.swagLabs" name="testingLogin" time="1.030"/>
  <system-out/>
  <testcase classname="com.swagLabs.swagLabs" name="testingLogin" time="2.860"/>
  <system-out/>
  <testcase classname="com.swagLabs.swagLabs" name="testingLogin" time="0.829"/>
  <system-out/>
  <testcase classname="com.swagLabs.swagLabs" name="testingLogin" time="0.991"/>
  <system-out/>
  <testcase classname="com.swagLabs.swagLabs" name="testingLogin" time="6.092"/>
  <system-out/>
  <testcase classname="com.swagLabs.swagLabs" name="testingLogin" time="0.828"/>
  <system-out/>
  <testcase classname="com.swagLabs.swagLabs" name="verifyLogoOnHomepage" time="0.980"/>
  <system-out/>
  <testcase classname="com.swagLabs.swagLabs" name="verifyHamburgerMenu" time="1.461"/>
  <system-out/>
  <testcase classname="com.swagLabs.swagLabs" name="testingTheFilterSorting" time="1.378"/>
  <system-out/>
  <testcase classname="com.swagLabs.swagLabs" name="verifyProductsOnHomepage" time="1.627"/>
  <system-out/>
</testsuite> <!-- com.swagLabs.swagLabs -->
